[ 2017-08-03T16:30:16+08:00 ] ::1 /joyo_bms/Admin/Article/up
INFO: [ app_begin ] --START--
INFO: Run Behavior\ReadHtmlCacheBehavior [ RunTime:0.001000s ]
INFO: [ app_begin ] --END-- [ RunTime:0.001000s ]
SQL: SHOW COLUMNS FROM `article` [ RunTime:0.0030s ]
SQL: INSERT INTO `article` (`title`,`typeId`,`intro`,`content`,`date`) VALUES ('java','2','<p>javajava</p>','<p>javajava</p>','2017-08-03 16:30:16') [ RunTime:0.0360s ]

[ 2017-08-03T17:07:45+08:00 ] ::1 /joyo_bms/Admin/Index/doLogin.html
INFO: [ app_begin ] --START--
INFO: Run Behavior\ReadHtmlCacheBehavior [ RunTime:0.001000s ]
INFO: [ app_begin ] --END-- [ RunTime:0.003000s ]
SQL: SHOW COLUMNS FROM `user` [ RunTime:0.0040s ]
SQL: SELECT * FROM `user` WHERE `username` = 'wellch4n' LIMIT 1   [ RunTime:0.0000s ]

[ 2017-08-03T17:07:45+08:00 ] ::1 /joyo_bms/Admin/Index/doLogin.html
INFO: [ app_begin ] --START--
INFO: Run Behavior\ReadHtmlCacheBehavior [ RunTime:0.001000s ]
INFO: [ app_begin ] --END-- [ RunTime:0.002000s ]
SQL: SHOW COLUMNS FROM `user` [ RunTime:0.0040s ]
SQL: SELECT * FROM `user` WHERE `username` = 'wellch4n' LIMIT 1   [ RunTime:0.0000s ]

[ 2017-08-03T17:07:45+08:00 ] ::1 /joyo_bms/Admin/Index/doLogin.html
INFO: [ app_begin ] --START--
INFO: Run Behavior\ReadHtmlCacheBehavior [ RunTime:0.001000s ]
INFO: [ app_begin ] --END-- [ RunTime:0.002000s ]
SQL: SHOW COLUMNS FROM `user` [ RunTime:0.0040s ]
SQL: SELECT * FROM `user` WHERE `username` = 'wellch4n' LIMIT 1   [ RunTime:0.0010s ]

[ 2017-08-03T17:07:46+08:00 ] ::1 /joyo_bms/Admin/Index/doLogin.html
INFO: [ app_begin ] --START--
INFO: Run Behavior\ReadHtmlCacheBehavior [ RunTime:0.001001s ]
INFO: [ app_begin ] --END-- [ RunTime:0.001001s ]
SQL: SHOW COLUMNS FROM `user` [ RunTime:0.0040s ]
SQL: SELECT * FROM `user` WHERE `username` = 'wellch4n' LIMIT 1   [ RunTime:0.0000s ]

[ 2017-08-03T17:07:52+08:00 ] ::1 /joyo_bms/Admin/Index/doLogin.html
INFO: [ app_begin ] --START--
INFO: Run Behavior\ReadHtmlCacheBehavior [ RunTime:0.001000s ]
INFO: [ app_begin ] --END-- [ RunTime:0.002000s ]
SQL: SHOW COLUMNS FROM `user` [ RunTime:0.0040s ]
SQL: SELECT * FROM `user` WHERE `username` = 'wellch4n' LIMIT 1   [ RunTime:0.0000s ]

[ 2017-08-03T17:07:54+08:00 ] ::1 /joyo_bms/Admin/Index/doLogin.html
INFO: [ app_begin ] --START--
INFO: Run Behavior\ReadHtmlCacheBehavior [ RunTime:0.001000s ]
INFO: [ app_begin ] --END-- [ RunTime:0.002000s ]
SQL: SHOW COLUMNS FROM `user` [ RunTime:0.0040s ]
SQL: SELECT * FROM `user` WHERE `username` = 'wellch4n' LIMIT 1   [ RunTime:0.0000s ]

[ 2017-08-03T17:10:07+08:00 ] ::1 /joyo_bms/Admin/Article/del.html?id=16
INFO: [ app_begin ] --START--
INFO: Run Behavior\ReadHtmlCacheBehavior [ RunTime:0.001000s ]
INFO: [ app_begin ] --END-- [ RunTime:0.001000s ]
SQL: SHOW COLUMNS FROM `articletype` [ RunTime:0.0040s ]
SQL: SELECT `id`,`typename` FROM `articletype`  [ RunTime:0.0000s ]
SQL: SHOW COLUMNS FROM `article` [ RunTime:0.0030s ]
SQL: DELETE FROM `article` WHERE `id` = 16 [ RunTime:0.0370s ]

[ 2017-08-03T17:12:38+08:00 ] ::1 /joyo_bms/Admin/Article/del.html?id=15
INFO: [ app_begin ] --START--
INFO: Run Behavior\ReadHtmlCacheBehavior [ RunTime:0.001000s ]
INFO: [ app_begin ] --END-- [ RunTime:0.001000s ]
SQL: SHOW COLUMNS FROM `articletype` [ RunTime:0.0040s ]
SQL: SELECT `id`,`typename` FROM `articletype`  [ RunTime:0.0000s ]
SQL: SHOW COLUMNS FROM `article` [ RunTime:0.0030s ]
SQL: DELETE FROM `article` WHERE `id` = 15 [ RunTime:0.0620s ]

[ 2017-08-03T17:14:12+08:00 ] ::1 /joyo_bms/Admin/Article/del.html?id=14
INFO: [ app_begin ] --START--
INFO: Run Behavior\ReadHtmlCacheBehavior [ RunTime:0.000000s ]
INFO: [ app_begin ] --END-- [ RunTime:0.001000s ]
SQL: SHOW COLUMNS FROM `articletype` [ RunTime:0.0020s ]
SQL: SELECT `id`,`typename` FROM `articletype`  [ RunTime:0.0000s ]
SQL: SHOW COLUMNS FROM `article` [ RunTime:0.0030s ]
SQL: DELETE FROM `article` WHERE `id` = 14 [ RunTime:0.0420s ]

[ 2017-08-03T17:15:23+08:00 ] ::1 /joyo_bms/Admin/Article/up
INFO: [ app_begin ] --START--
INFO: Run Behavior\ReadHtmlCacheBehavior [ RunTime:0.001000s ]
INFO: [ app_begin ] --END-- [ RunTime:0.001000s ]
SQL: SHOW COLUMNS FROM `articletype` [ RunTime:0.0030s ]
SQL: SELECT `id`,`typename` FROM `articletype`  [ RunTime:0.0000s ]
SQL: SHOW COLUMNS FROM `article` [ RunTime:0.0040s ]
SQL: INSERT INTO `article` (`title`,`typeId`,`intro`,`content`,`date`) VALUES ('写一篇来删','1','<p>写一篇来删</p>','<p>写一篇来删</p>','2017-08-03 17:15:23') [ RunTime:0.0350s ]

[ 2017-08-03T17:15:27+08:00 ] ::1 /joyo_bms/Admin/Article/del.html?id=17
INFO: [ app_begin ] --START--
INFO: Run Behavior\ReadHtmlCacheBehavior [ RunTime:0.000000s ]
INFO: [ app_begin ] --END-- [ RunTime:0.001000s ]
SQL: SHOW COLUMNS FROM `articletype` [ RunTime:0.0040s ]
SQL: SELECT `id`,`typename` FROM `articletype`  [ RunTime:0.0010s ]
SQL: SHOW COLUMNS FROM `article` [ RunTime:0.0040s ]
SQL: DELETE FROM `article` WHERE `id` = 17 [ RunTime:0.0310s ]

[ 2017-08-03T17:16:04+08:00 ] ::1 /joyo_bms/Admin/Article/up
INFO: [ app_begin ] --START--
INFO: Run Behavior\ReadHtmlCacheBehavior [ RunTime:0.001000s ]
INFO: [ app_begin ] --END-- [ RunTime:0.001000s ]
SQL: SHOW COLUMNS FROM `articletype` [ RunTime:0.0050s ]
SQL: SELECT `id`,`typename` FROM `articletype`  [ RunTime:0.0010s ]
SQL: SHOW COLUMNS FROM `article` [ RunTime:0.0040s ]
SQL: INSERT INTO `article` (`title`,`typeId`,`intro`,`content`,`date`) VALUES ('写一篇来删','1','<p>写一篇来删</p>','<p>写一篇来删</p>','2017-08-03 17:16:04') [ RunTime:0.0440s ]

[ 2017-08-03T17:16:13+08:00 ] ::1 /joyo_bms/Admin/Article/del.html?id=1
INFO: [ app_begin ] --START--
INFO: Run Behavior\ReadHtmlCacheBehavior [ RunTime:0.001000s ]
INFO: [ app_begin ] --END-- [ RunTime:0.002000s ]
SQL: SHOW COLUMNS FROM `articletype` [ RunTime:0.0050s ]
SQL: SELECT `id`,`typename` FROM `articletype`  [ RunTime:0.0000s ]
SQL: SHOW COLUMNS FROM `article` [ RunTime:0.0040s ]
SQL: DELETE FROM `article` WHERE `id` = 1 [ RunTime:0.0310s ]

[ 2017-08-03T17:17:10+08:00 ] ::1 /joyo_bms/Admin/Article/up
INFO: [ app_begin ] --START--
INFO: Run Behavior\ReadHtmlCacheBehavior [ RunTime:0.001000s ]
INFO: [ app_begin ] --END-- [ RunTime:0.001000s ]
SQL: SHOW COLUMNS FROM `articletype` [ RunTime:0.0040s ]
SQL: SELECT `id`,`typename` FROM `articletype`  [ RunTime:0.0000s ]
SQL: SHOW COLUMNS FROM `article` [ RunTime:0.0030s ]
SQL: INSERT INTO `article` (`title`,`typeId`,`intro`,`content`,`date`) VALUES ('写一篇来删','1','<p>写一篇来删</p>','<p>写一篇来删</p>','2017-08-03 17:17:10') [ RunTime:0.0450s ]

